<?xml version="1.0" encoding="UTF-8"?>
<!-- Generated by org.testng.reporters.JUnitReportReporter -->
<testsuite hostname="DESKTOP-ENA0CGR" failures="0" tests="1" name="CalculatorDemo.CalculatorTestDemo" time="0.013" errors="0" timestamp="2021-04-05T15:05:26 IST" skipped="0">
  <testcase classname="CalculatorDemo.CalculatorTestDemo" name="addTest1" time="0.013"/>
  <system-out/>
</testsuite> <!-- CalculatorDemo.CalculatorTestDemo -->
